e:\school\github\project-kgl\project\imgui\x64\debug\imgui.pdb
e:\school\github\project-kgl\project\imgui\x64\debug\imgui.idb
e:\school\github\project-kgl\project\imgui\x64\debug\src\binary_to_compressed_c.obj
e:\school\github\project-kgl\project\imgui\x64\debug\src\imgui_stdlib.obj
e:\school\github\project-kgl\project\imgui\x64\debug\src\imgui_widgets.obj
e:\school\github\project-kgl\project\imgui\x64\debug\src\imgui_impl_win32.obj
e:\school\github\project-kgl\project\imgui\x64\debug\src\imgui_impl_dx12.obj
e:\school\github\project-kgl\project\imgui\x64\debug\src\imgui_draw.obj
e:\school\github\project-kgl\project\imgui\x64\debug\src\imgui_demo.obj
e:\school\github\project-kgl\project\imgui\x64\debug\src\imgui.obj
e:\school\github\project-kgl\project\lib\x64\debug\imgui.lib
d:\work\project-kgl\project\imgui\x64\debug\imgui.idb
d:\work\project-kgl\project\imgui\x64\debug\imgui.pdb
d:\work\project-kgl\project\lib\x64\debug\imgui.pdb
d:\work\project-kgl\project\lib\x64\debug\imgui.lib
d:\work\project-kgl\project\imgui\x64\debug\imgui.tlog\cl.command.1.tlog
d:\work\project-kgl\project\imgui\x64\debug\imgui.tlog\cl.read.1.tlog
d:\work\project-kgl\project\imgui\x64\debug\imgui.tlog\cl.write.1.tlog
d:\work\project-kgl\project\imgui\x64\debug\imgui.tlog\lib-link.read.1.tlog
d:\work\project-kgl\project\imgui\x64\debug\imgui.tlog\lib-link.write.1.tlog
d:\work\project-kgl\project\imgui\x64\debug\imgui.tlog\lib.command.1.tlog
